[debug] [2024-03-11T14:38:59.158Z] ----------------------------------------------------------------------
[debug] [2024-03-11T14:38:59.160Z] Command:       D:\Softwares\Param Softwares\Coding\Node JS\Installation\node.exe D:\Param\Coding\Frontend\React\personal-website\node_modules\firebase-tools\lib\bin\firebase.js emulators:start --only auth
[debug] [2024-03-11T14:38:59.160Z] CLI Version:   13.4.1
[debug] [2024-03-11T14:38:59.161Z] Platform:      win32
[debug] [2024-03-11T14:38:59.161Z] Node Version:  v18.15.0
[debug] [2024-03-11T14:38:59.162Z] Time:          Mon Mar 11 2024 10:38:59 GMT-0400 (Eastern Daylight Time)
[debug] [2024-03-11T14:38:59.162Z] ----------------------------------------------------------------------
[debug] 
[debug] [2024-03-11T14:38:59.297Z] > command requires scopes: ["email","openid","https://www.googleapis.com/auth/cloudplatformprojects.readonly","https://www.googleapis.com/auth/firebase","https://www.googleapis.com/auth/cloud-platform"]
[debug] [2024-03-11T14:38:59.297Z] > authorizing via signed-in user (paramrpatil@gmail.com)
[info] i  emulators: Starting emulators: auth {"metadata":{"emulator":{"name":"hub"},"message":"Starting emulators: auth"}}
[debug] [2024-03-11T14:38:59.309Z] [logging] Logging Emulator only supports listening on one address (127.0.0.1). Not listening on ::1
[debug] [2024-03-11T14:38:59.310Z] [auth] Authentication Emulator only supports listening on one address (127.0.0.1). Not listening on ::1
[debug] [2024-03-11T14:38:59.310Z] assigned listening specs for emulators {"user":{"hub":[{"address":"127.0.0.1","family":"IPv4","port":4400},{"address":"::1","family":"IPv6","port":4400}],"ui":[{"address":"127.0.0.1","family":"IPv4","port":4000},{"address":"::1","family":"IPv6","port":4000}],"logging":[{"address":"127.0.0.1","family":"IPv4","port":4500}],"auth":[{"address":"127.0.0.1","family":"IPv4","port":9099}]},"metadata":{"message":"assigned listening specs for emulators"}}
[debug] [2024-03-11T14:38:59.317Z] [hub] writing locator at C:\Users\KP\AppData\Local\Temp\hub-personal-website-23f92.json
[info] i  ui: downloading ui-v1.11.7.zip... {"metadata":{"emulator":{"name":"ui"},"message":"downloading ui-v1.11.7.zip..."}}
[debug] [2024-03-11T14:39:07.065Z] >>> [apiv2][query] GET https://storage.googleapis.com/firebase-preview-drop/emulator/ui-v1.11.7.zip 
[debug] [2024-03-11T14:39:07.201Z] <<< [apiv2][status] GET https://storage.googleapis.com/firebase-preview-drop/emulator/ui-v1.11.7.zip 200
[debug] [2024-03-11T14:39:07.201Z] <<< [apiv2][body] GET https://storage.googleapis.com/firebase-preview-drop/emulator/ui-v1.11.7.zip [stream]
[debug] [2024-03-11T14:39:08.108Z] Data is 3064105
[debug] [2024-03-11T14:39:08.108Z] [unzip] Entry: client/ (compressed_size=0 bytes, uncompressed_size=0 bytes)
[debug] [2024-03-11T14:39:08.108Z] [unzip] Processing entry: client\
[debug] [2024-03-11T14:39:08.108Z] [unzip] mkdir: C:\Users\KP\.cache\firebase\emulators\ui-v1.11.7\client\
[debug] [2024-03-11T14:39:08.109Z] [unzip] Entry: client/favicon.ico (compressed_size=2497 bytes, uncompressed_size=7406 bytes)
[debug] [2024-03-11T14:39:08.109Z] [unzip] Processing entry: client\favicon.ico
[debug] [2024-03-11T14:39:08.109Z] [unzip] else mkdir: C:\Users\KP\.cache\firebase\emulators\ui-v1.11.7\client
[debug] [2024-03-11T14:39:08.109Z] [unzip] deflating: C:\Users\KP\.cache\firebase\emulators\ui-v1.11.7\client\favicon.ico
[debug] [2024-03-11T14:39:08.114Z] [unzip] Entry: client/apple-touch-icon.png (compressed_size=7231 bytes, uncompressed_size=7367 bytes)
[debug] [2024-03-11T14:39:08.115Z] [unzip] Processing entry: client\apple-touch-icon.png
[debug] [2024-03-11T14:39:08.115Z] [unzip] else mkdir: C:\Users\KP\.cache\firebase\emulators\ui-v1.11.7\client
[debug] [2024-03-11T14:39:08.115Z] [unzip] deflating: C:\Users\KP\.cache\firebase\emulators\ui-v1.11.7\client\apple-touch-icon.png
[debug] [2024-03-11T14:39:08.117Z] [unzip] Entry: client/android-chrome-512x512.png (compressed_size=16987 bytes, uncompressed_size=18186 bytes)
[debug] [2024-03-11T14:39:08.117Z] [unzip] Processing entry: client\android-chrome-512x512.png
[debug] [2024-03-11T14:39:08.117Z] [unzip] else mkdir: C:\Users\KP\.cache\firebase\emulators\ui-v1.11.7\client
[debug] [2024-03-11T14:39:08.117Z] [unzip] deflating: C:\Users\KP\.cache\firebase\emulators\ui-v1.11.7\client\android-chrome-512x512.png
[debug] [2024-03-11T14:39:08.120Z] [unzip] Entry: client/assets/ (compressed_size=0 bytes, uncompressed_size=0 bytes)
[debug] [2024-03-11T14:39:08.121Z] [unzip] Processing entry: client\assets\
[debug] [2024-03-11T14:39:08.121Z] [unzip] mkdir: C:\Users\KP\.cache\firebase\emulators\ui-v1.11.7\client\assets\
[debug] [2024-03-11T14:39:08.123Z] [unzip] Entry: client/assets/extensions/ (compressed_size=0 bytes, uncompressed_size=0 bytes)
[debug] [2024-03-11T14:39:08.123Z] [unzip] Processing entry: client\assets\extensions\
[debug] [2024-03-11T14:39:08.123Z] [unzip] mkdir: C:\Users\KP\.cache\firebase\emulators\ui-v1.11.7\client\assets\extensions\
[debug] [2024-03-11T14:39:08.124Z] [unzip] Entry: client/assets/extensions/default-extension.png (compressed_size=1646 bytes, uncompressed_size=1657 bytes)
[debug] [2024-03-11T14:39:08.124Z] [unzip] Processing entry: client\assets\extensions\default-extension.png
[debug] [2024-03-11T14:39:08.124Z] [unzip] else mkdir: C:\Users\KP\.cache\firebase\emulators\ui-v1.11.7\client\assets\extensions
[debug] [2024-03-11T14:39:08.124Z] [unzip] deflating: C:\Users\KP\.cache\firebase\emulators\ui-v1.11.7\client\assets\extensions\default-extension.png
[debug] [2024-03-11T14:39:08.126Z] [unzip] Entry: client/assets/index.58ca09f7.css (compressed_size=37601 bytes, uncompressed_size=321252 bytes)
[debug] [2024-03-11T14:39:08.126Z] [unzip] Processing entry: client\assets\index.58ca09f7.css
[debug] [2024-03-11T14:39:08.126Z] [unzip] else mkdir: C:\Users\KP\.cache\firebase\emulators\ui-v1.11.7\client\assets
[debug] [2024-03-11T14:39:08.126Z] [unzip] deflating: C:\Users\KP\.cache\firebase\emulators\ui-v1.11.7\client\assets\index.58ca09f7.css
[debug] [2024-03-11T14:39:08.130Z] [unzip] Entry: client/assets/index.c2583d42.js (compressed_size=526232 bytes, uncompressed_size=1860152 bytes)
[debug] [2024-03-11T14:39:08.130Z] [unzip] Processing entry: client\assets\index.c2583d42.js
[debug] [2024-03-11T14:39:08.130Z] [unzip] else mkdir: C:\Users\KP\.cache\firebase\emulators\ui-v1.11.7\client\assets
[debug] [2024-03-11T14:39:08.130Z] [unzip] deflating: C:\Users\KP\.cache\firebase\emulators\ui-v1.11.7\client\assets\index.c2583d42.js
[debug] [2024-03-11T14:39:08.148Z] [unzip] Entry: client/assets/provider-icons/ (compressed_size=0 bytes, uncompressed_size=0 bytes)
[debug] [2024-03-11T14:39:08.148Z] [unzip] Processing entry: client\assets\provider-icons\
[debug] [2024-03-11T14:39:08.148Z] [unzip] mkdir: C:\Users\KP\.cache\firebase\emulators\ui-v1.11.7\client\assets\provider-icons\
[debug] [2024-03-11T14:39:08.149Z] [unzip] Entry: client/assets/provider-icons/auth_service_oidc.svg (compressed_size=414 bytes, uncompressed_size=858 bytes)
[debug] [2024-03-11T14:39:08.149Z] [unzip] Processing entry: client\assets\provider-icons\auth_service_oidc.svg
[debug] [2024-03-11T14:39:08.149Z] [unzip] else mkdir: C:\Users\KP\.cache\firebase\emulators\ui-v1.11.7\client\assets\provider-icons
[debug] [2024-03-11T14:39:08.149Z] [unzip] deflating: C:\Users\KP\.cache\firebase\emulators\ui-v1.11.7\client\assets\provider-icons\auth_service_oidc.svg
[debug] [2024-03-11T14:39:08.151Z] [unzip] Entry: client/assets/provider-icons/auth_service_yahoo.svg (compressed_size=577 bytes, uncompressed_size=1182 bytes)
[debug] [2024-03-11T14:39:08.151Z] [unzip] Processing entry: client\assets\provider-icons\auth_service_yahoo.svg
[debug] [2024-03-11T14:39:08.151Z] [unzip] else mkdir: C:\Users\KP\.cache\firebase\emulators\ui-v1.11.7\client\assets\provider-icons
[debug] [2024-03-11T14:39:08.151Z] [unzip] deflating: C:\Users\KP\.cache\firebase\emulators\ui-v1.11.7\client\assets\provider-icons\auth_service_yahoo.svg
[debug] [2024-03-11T14:39:08.153Z] [unzip] Entry: client/assets/provider-icons/auth_service_phone.svg (compressed_size=261 bytes, uncompressed_size=414 bytes)
[debug] [2024-03-11T14:39:08.153Z] [unzip] Processing entry: client\assets\provider-icons\auth_service_phone.svg
[debug] [2024-03-11T14:39:08.153Z] [unzip] else mkdir: C:\Users\KP\.cache\firebase\emulators\ui-v1.11.7\client\assets\provider-icons
[debug] [2024-03-11T14:39:08.153Z] [unzip] deflating: C:\Users\KP\.cache\firebase\emulators\ui-v1.11.7\client\assets\provider-icons\auth_service_phone.svg
[debug] [2024-03-11T14:39:08.155Z] [unzip] Entry: client/assets/provider-icons/auth_service_saml.svg (compressed_size=575 bytes, uncompressed_size=1226 bytes)
[debug] [2024-03-11T14:39:08.156Z] [unzip] Processing entry: client\assets\provider-icons\auth_service_saml.svg
[debug] [2024-03-11T14:39:08.156Z] [unzip] else mkdir: C:\Users\KP\.cache\firebase\emulators\ui-v1.11.7\client\assets\provider-icons
[debug] [2024-03-11T14:39:08.156Z] [unzip] deflating: C:\Users\KP\.cache\firebase\emulators\ui-v1.11.7\client\assets\provider-icons\auth_service_saml.svg
[debug] [2024-03-11T14:39:08.158Z] [unzip] Entry: client/assets/provider-icons/auth_service_mslive.svg (compressed_size=203 bytes, uncompressed_size=378 bytes)
[debug] [2024-03-11T14:39:08.158Z] [unzip] Processing entry: client\assets\provider-icons\auth_service_mslive.svg
[debug] [2024-03-11T14:39:08.158Z] [unzip] else mkdir: C:\Users\KP\.cache\firebase\emulators\ui-v1.11.7\client\assets\provider-icons
[debug] [2024-03-11T14:39:08.159Z] [unzip] deflating: C:\Users\KP\.cache\firebase\emulators\ui-v1.11.7\client\assets\provider-icons\auth_service_mslive.svg
[debug] [2024-03-11T14:39:08.160Z] [unzip] Entry: client/assets/provider-icons/auth_service_facebook.svg (compressed_size=289 bytes, uncompressed_size=457 bytes)
[debug] [2024-03-11T14:39:08.161Z] [unzip] Processing entry: client\assets\provider-icons\auth_service_facebook.svg
[debug] [2024-03-11T14:39:08.161Z] [unzip] else mkdir: C:\Users\KP\.cache\firebase\emulators\ui-v1.11.7\client\assets\provider-icons
[debug] [2024-03-11T14:39:08.161Z] [unzip] deflating: C:\Users\KP\.cache\firebase\emulators\ui-v1.11.7\client\assets\provider-icons\auth_service_facebook.svg
[debug] [2024-03-11T14:39:08.163Z] [unzip] Entry: client/assets/provider-icons/auth_service_play_games.svg (compressed_size=565 bytes, uncompressed_size=1173 bytes)
[debug] [2024-03-11T14:39:08.163Z] [unzip] Processing entry: client\assets\provider-icons\auth_service_play_games.svg
[debug] [2024-03-11T14:39:08.163Z] [unzip] else mkdir: C:\Users\KP\.cache\firebase\emulators\ui-v1.11.7\client\assets\provider-icons
[debug] [2024-03-11T14:39:08.164Z] [unzip] deflating: C:\Users\KP\.cache\firebase\emulators\ui-v1.11.7\client\assets\provider-icons\auth_service_play_games.svg
[debug] [2024-03-11T14:39:08.166Z] [unzip] Entry: client/assets/provider-icons/auth_service_github.svg (compressed_size=466 bytes, uncompressed_size=838 bytes)
[debug] [2024-03-11T14:39:08.166Z] [unzip] Processing entry: client\assets\provider-icons\auth_service_github.svg
[debug] [2024-03-11T14:39:08.166Z] [unzip] else mkdir: C:\Users\KP\.cache\firebase\emulators\ui-v1.11.7\client\assets\provider-icons
[debug] [2024-03-11T14:39:08.166Z] [unzip] deflating: C:\Users\KP\.cache\firebase\emulators\ui-v1.11.7\client\assets\provider-icons\auth_service_github.svg
[debug] [2024-03-11T14:39:08.169Z] [unzip] Entry: client/assets/provider-icons/auth_service_apple.svg (compressed_size=230 bytes, uncompressed_size=334 bytes)
[debug] [2024-03-11T14:39:08.169Z] [unzip] Processing entry: client\assets\provider-icons\auth_service_apple.svg
[debug] [2024-03-11T14:39:08.169Z] [unzip] else mkdir: C:\Users\KP\.cache\firebase\emulators\ui-v1.11.7\client\assets\provider-icons
[debug] [2024-03-11T14:39:08.169Z] [unzip] deflating: C:\Users\KP\.cache\firebase\emulators\ui-v1.11.7\client\assets\provider-icons\auth_service_apple.svg
[debug] [2024-03-11T14:39:08.171Z] [unzip] Entry: client/assets/provider-icons/auth_service_google.svg (compressed_size=409 bytes, uncompressed_size=720 bytes)
[debug] [2024-03-11T14:39:08.171Z] [unzip] Processing entry: client\assets\provider-icons\auth_service_google.svg
[debug] [2024-03-11T14:39:08.171Z] [unzip] else mkdir: C:\Users\KP\.cache\firebase\emulators\ui-v1.11.7\client\assets\provider-icons
[debug] [2024-03-11T14:39:08.172Z] [unzip] deflating: C:\Users\KP\.cache\firebase\emulators\ui-v1.11.7\client\assets\provider-icons\auth_service_google.svg
[debug] [2024-03-11T14:39:08.174Z] [unzip] Entry: client/assets/provider-icons/auth_service_email.svg (compressed_size=228 bytes, uncompressed_size=326 bytes)
[debug] [2024-03-11T14:39:08.174Z] [unzip] Processing entry: client\assets\provider-icons\auth_service_email.svg
[debug] [2024-03-11T14:39:08.174Z] [unzip] else mkdir: C:\Users\KP\.cache\firebase\emulators\ui-v1.11.7\client\assets\provider-icons
[debug] [2024-03-11T14:39:08.175Z] [unzip] deflating: C:\Users\KP\.cache\firebase\emulators\ui-v1.11.7\client\assets\provider-icons\auth_service_email.svg
[debug] [2024-03-11T14:39:08.176Z] [unzip] Entry: client/assets/provider-icons/auth_service_twitter.svg (compressed_size=444 bytes, uncompressed_size=751 bytes)
[debug] [2024-03-11T14:39:08.177Z] [unzip] Processing entry: client\assets\provider-icons\auth_service_twitter.svg
[debug] [2024-03-11T14:39:08.177Z] [unzip] else mkdir: C:\Users\KP\.cache\firebase\emulators\ui-v1.11.7\client\assets\provider-icons
[debug] [2024-03-11T14:39:08.177Z] [unzip] deflating: C:\Users\KP\.cache\firebase\emulators\ui-v1.11.7\client\assets\provider-icons\auth_service_twitter.svg
[debug] [2024-03-11T14:39:08.179Z] [unzip] Entry: client/assets/provider-icons/auth_service_game_center.svg (compressed_size=991 bytes, uncompressed_size=3921 bytes)
[debug] [2024-03-11T14:39:08.180Z] [unzip] Processing entry: client\assets\provider-icons\auth_service_game_center.svg
[debug] [2024-03-11T14:39:08.180Z] [unzip] else mkdir: C:\Users\KP\.cache\firebase\emulators\ui-v1.11.7\client\assets\provider-icons
[debug] [2024-03-11T14:39:08.180Z] [unzip] deflating: C:\Users\KP\.cache\firebase\emulators\ui-v1.11.7\client\assets\provider-icons\auth_service_game_center.svg
[debug] [2024-03-11T14:39:08.183Z] [unzip] Entry: client/assets/index.c2583d42.js.map (compressed_size=1778557 bytes, uncompressed_size=7961927 bytes)
[debug] [2024-03-11T14:39:08.183Z] [unzip] Processing entry: client\assets\index.c2583d42.js.map
[debug] [2024-03-11T14:39:08.183Z] [unzip] else mkdir: C:\Users\KP\.cache\firebase\emulators\ui-v1.11.7\client\assets
[debug] [2024-03-11T14:39:08.184Z] [unzip] deflating: C:\Users\KP\.cache\firebase\emulators\ui-v1.11.7\client\assets\index.c2583d42.js.map
[debug] [2024-03-11T14:39:08.230Z] [unzip] Entry: client/assets/img/ (compressed_size=0 bytes, uncompressed_size=0 bytes)
[debug] [2024-03-11T14:39:08.230Z] [unzip] Processing entry: client\assets\img\
[debug] [2024-03-11T14:39:08.230Z] [unzip] mkdir: C:\Users\KP\.cache\firebase\emulators\ui-v1.11.7\client\assets\img\
[debug] [2024-03-11T14:39:08.231Z] [unzip] Entry: client/assets/img/database.png (compressed_size=29449 bytes, uncompressed_size=29988 bytes)
[debug] [2024-03-11T14:39:08.231Z] [unzip] Processing entry: client\assets\img\database.png
[debug] [2024-03-11T14:39:08.231Z] [unzip] else mkdir: C:\Users\KP\.cache\firebase\emulators\ui-v1.11.7\client\assets\img
[debug] [2024-03-11T14:39:08.232Z] [unzip] deflating: C:\Users\KP\.cache\firebase\emulators\ui-v1.11.7\client\assets\img\database.png
[debug] [2024-03-11T14:39:08.233Z] [unzip] Entry: client/safari-pinned-tab.svg (compressed_size=838 bytes, uncompressed_size=1504 bytes)
[debug] [2024-03-11T14:39:08.233Z] [unzip] Processing entry: client\safari-pinned-tab.svg
[debug] [2024-03-11T14:39:08.233Z] [unzip] else mkdir: C:\Users\KP\.cache\firebase\emulators\ui-v1.11.7\client
[debug] [2024-03-11T14:39:08.233Z] [unzip] deflating: C:\Users\KP\.cache\firebase\emulators\ui-v1.11.7\client\safari-pinned-tab.svg
[debug] [2024-03-11T14:39:08.235Z] [unzip] Entry: client/mstile-150x150.png (compressed_size=5406 bytes, uncompressed_size=5723 bytes)
[debug] [2024-03-11T14:39:08.235Z] [unzip] Processing entry: client\mstile-150x150.png
[debug] [2024-03-11T14:39:08.235Z] [unzip] else mkdir: C:\Users\KP\.cache\firebase\emulators\ui-v1.11.7\client
[debug] [2024-03-11T14:39:08.235Z] [unzip] deflating: C:\Users\KP\.cache\firebase\emulators\ui-v1.11.7\client\mstile-150x150.png
[debug] [2024-03-11T14:39:08.237Z] [unzip] Entry: client/browserconfig.xml (compressed_size=491 bytes, uncompressed_size=822 bytes)
[debug] [2024-03-11T14:39:08.237Z] [unzip] Processing entry: client\browserconfig.xml
[debug] [2024-03-11T14:39:08.237Z] [unzip] else mkdir: C:\Users\KP\.cache\firebase\emulators\ui-v1.11.7\client
[debug] [2024-03-11T14:39:08.238Z] [unzip] deflating: C:\Users\KP\.cache\firebase\emulators\ui-v1.11.7\client\browserconfig.xml
[debug] [2024-03-11T14:39:08.239Z] [unzip] Entry: client/robots.txt (compressed_size=26 bytes, uncompressed_size=26 bytes)
[debug] [2024-03-11T14:39:08.239Z] [unzip] Processing entry: client\robots.txt
[debug] [2024-03-11T14:39:08.240Z] [unzip] else mkdir: C:\Users\KP\.cache\firebase\emulators\ui-v1.11.7\client
[debug] [2024-03-11T14:39:08.240Z] [unzip] Writing file: C:\Users\KP\.cache\firebase\emulators\ui-v1.11.7\client\robots.txt
[debug] [2024-03-11T14:39:08.242Z] [unzip] Entry: client/index.html (compressed_size=1363 bytes, uncompressed_size=3064 bytes)
[debug] [2024-03-11T14:39:08.242Z] [unzip] Processing entry: client\index.html
[debug] [2024-03-11T14:39:08.242Z] [unzip] else mkdir: C:\Users\KP\.cache\firebase\emulators\ui-v1.11.7\client
[debug] [2024-03-11T14:39:08.242Z] [unzip] deflating: C:\Users\KP\.cache\firebase\emulators\ui-v1.11.7\client\index.html
[debug] [2024-03-11T14:39:08.244Z] [unzip] Entry: client/favicon-16x16.png (compressed_size=757 bytes, uncompressed_size=777 bytes)
[debug] [2024-03-11T14:39:08.244Z] [unzip] Processing entry: client\favicon-16x16.png
[debug] [2024-03-11T14:39:08.244Z] [unzip] else mkdir: C:\Users\KP\.cache\firebase\emulators\ui-v1.11.7\client
[debug] [2024-03-11T14:39:08.245Z] [unzip] deflating: C:\Users\KP\.cache\firebase\emulators\ui-v1.11.7\client\favicon-16x16.png
[debug] [2024-03-11T14:39:08.247Z] [unzip] Entry: client/manifest.json (compressed_size=246 bytes, uncompressed_size=551 bytes)
[debug] [2024-03-11T14:39:08.247Z] [unzip] Processing entry: client\manifest.json
[debug] [2024-03-11T14:39:08.247Z] [unzip] else mkdir: C:\Users\KP\.cache\firebase\emulators\ui-v1.11.7\client
[debug] [2024-03-11T14:39:08.248Z] [unzip] deflating: C:\Users\KP\.cache\firebase\emulators\ui-v1.11.7\client\manifest.json
[debug] [2024-03-11T14:39:08.249Z] [unzip] Entry: client/favicon-32x32.png (compressed_size=1175 bytes, uncompressed_size=1175 bytes)
[debug] [2024-03-11T14:39:08.249Z] [unzip] Processing entry: client\favicon-32x32.png
[debug] [2024-03-11T14:39:08.250Z] [unzip] else mkdir: C:\Users\KP\.cache\firebase\emulators\ui-v1.11.7\client
[debug] [2024-03-11T14:39:08.250Z] [unzip] Writing file: C:\Users\KP\.cache\firebase\emulators\ui-v1.11.7\client\favicon-32x32.png
[debug] [2024-03-11T14:39:08.251Z] [unzip] Entry: client/android-chrome-192x192.png (compressed_size=7602 bytes, uncompressed_size=7834 bytes)
[debug] [2024-03-11T14:39:08.251Z] [unzip] Processing entry: client\android-chrome-192x192.png
[debug] [2024-03-11T14:39:08.251Z] [unzip] else mkdir: C:\Users\KP\.cache\firebase\emulators\ui-v1.11.7\client
[debug] [2024-03-11T14:39:08.252Z] [unzip] deflating: C:\Users\KP\.cache\firebase\emulators\ui-v1.11.7\client\android-chrome-192x192.png
[debug] [2024-03-11T14:39:08.254Z] [unzip] Entry: server/ (compressed_size=0 bytes, uncompressed_size=0 bytes)
[debug] [2024-03-11T14:39:08.254Z] [unzip] Processing entry: server\
[debug] [2024-03-11T14:39:08.254Z] [unzip] mkdir: C:\Users\KP\.cache\firebase\emulators\ui-v1.11.7\server\
[debug] [2024-03-11T14:39:08.255Z] [unzip] Entry: server/server.js (compressed_size=343746 bytes, uncompressed_size=1346374 bytes)
[debug] [2024-03-11T14:39:08.255Z] [unzip] Processing entry: server\server.js
[debug] [2024-03-11T14:39:08.255Z] [unzip] else mkdir: C:\Users\KP\.cache\firebase\emulators\ui-v1.11.7\server
[debug] [2024-03-11T14:39:08.255Z] [unzip] deflating: C:\Users\KP\.cache\firebase\emulators\ui-v1.11.7\server\server.js
[debug] [2024-03-11T14:39:08.267Z] [unzip] Entry: server/server.js.map (compressed_size=289157 bytes, uncompressed_size=1325651 bytes)
[debug] [2024-03-11T14:39:08.268Z] [unzip] Processing entry: server\server.js.map
[debug] [2024-03-11T14:39:08.268Z] [unzip] else mkdir: C:\Users\KP\.cache\firebase\emulators\ui-v1.11.7\server
[debug] [2024-03-11T14:39:08.268Z] [unzip] deflating: C:\Users\KP\.cache\firebase\emulators\ui-v1.11.7\server\server.js.map
[debug] [2024-03-11T14:39:08.280Z] Ignoring unsupported arg: auto_download {"metadata":{"emulator":{"name":"ui"},"message":"Ignoring unsupported arg: auto_download"}}
[debug] [2024-03-11T14:39:08.280Z] Ignoring unsupported arg: port {"metadata":{"emulator":{"name":"ui"},"message":"Ignoring unsupported arg: port"}}
[debug] [2024-03-11T14:39:08.280Z] Starting Emulator UI with command {"binary":"node","args":["C:\\Users\\KP\\.cache\\firebase\\emulators\\ui-v1.11.7\\server\\server.js"],"optionalArgs":[],"joinArgs":false} {"metadata":{"emulator":{"name":"ui"},"message":"Starting Emulator UI with command {\"binary\":\"node\",\"args\":[\"C:\\\\Users\\\\KP\\\\.cache\\\\firebase\\\\emulators\\\\ui-v1.11.7\\\\server\\\\server.js\"],\"optionalArgs\":[],\"joinArgs\":false}"}}
[info] i  ui: Emulator UI logging to ui-debug.log {"metadata":{"emulator":{"name":"ui"},"message":"Emulator UI logging to \u001b[1mui-debug.log\u001b[22m"}}
[debug] [2024-03-11T14:39:08.812Z] Web / API server started at 127.0.0.1:4000
 {"metadata":{"emulator":{"name":"ui"},"message":"Web / API server started at 127.0.0.1:4000\n"}}
[debug] [2024-03-11T14:39:08.813Z] Web / API server started at ::1:4000
 {"metadata":{"emulator":{"name":"ui"},"message":"Web / API server started at ::1:4000\n"}}
[info] 
┌─────────────────────────────────────────────────────────────┐
│ ✔  All emulators ready! It is now safe to connect your app. │
│ i  View Emulator UI at http://127.0.0.1:4000/               │
└─────────────────────────────────────────────────────────────┘

┌────────────────┬────────────────┬────────────────────────────┐
│ Emulator       │ Host:Port      │ View in Emulator UI        │
├────────────────┼────────────────┼────────────────────────────┤
│ Authentication │ 127.0.0.1:9099 │ http://127.0.0.1:4000/auth │
└────────────────┴────────────────┴────────────────────────────┘
  Emulator Hub running at 127.0.0.1:4400
  Other reserved ports: 4500

Issues? Report them at https://github.com/firebase/firebase-tools/issues and attach the *-debug.log files.
 
